<?xml version="1.0" encoding="UTF-8"?>
<testng-results ignored="0" total="5" passed="4" failed="1" skipped="0">
  <reporter-output>
  </reporter-output>
  <suite started-at="2023-01-22T00:25:26 IST" name="Default suite" finished-at="2023-01-22T00:25:29 IST" duration-ms="3204">
    <groups>
    </groups>
    <test started-at="2023-01-22T00:25:26 IST" name="Default test" finished-at="2023-01-22T00:25:29 IST" duration-ms="3204">
      <class name="com.spotify.oauth2.tests.PlaylistTests">
        <test-method signature="shouldBeAbleToCreatePlaylist()[pri:1, instance:com.spotify.oauth2.tests.PlaylistTests@8458f04]" started-at="2023-01-22T00:25:26 IST" name="shouldBeAbleToCreatePlaylist" description="Should be able to create a Playlist" finished-at="2023-01-22T00:25:28 IST" duration-ms="2289" status="FAIL">
          <exception class="java.lang.AssertionError">
            <message>
              <![CDATA[
Expected: <201>
     but: was <403>]]>
            </message>
            <full-stacktrace>
              <![CDATA[java.lang.AssertionError: 
Expected: <201>
     but: was <403>
at org.hamcrest.MatcherAssert.assertThat(MatcherAssert.java:18)
at org.hamcrest.MatcherAssert.assertThat(MatcherAssert.java:6)
at com.spotify.oauth2.tests.PlaylistTests.assertStatuscode(PlaylistTests.java:39)
at com.spotify.oauth2.tests.PlaylistTests.shouldBeAbleToCreatePlaylist(PlaylistTests.java:53)
at java.base/jdk.internal.reflect.NativeMethodAccessorImpl.invoke0(Native Method)
at java.base/jdk.internal.reflect.NativeMethodAccessorImpl.invoke(NativeMethodAccessorImpl.java:77)
at java.base/jdk.internal.reflect.DelegatingMethodAccessorImpl.invoke(DelegatingMethodAccessorImpl.java:43)
at java.base/java.lang.reflect.Method.invoke(Method.java:568)
at org.testng.internal.invokers.MethodInvocationHelper.invokeMethod(MethodInvocationHelper.java:139)
at org.testng.internal.invokers.TestInvoker.invokeMethod(TestInvoker.java:677)
at org.testng.internal.invokers.TestInvoker.invokeTestMethod(TestInvoker.java:221)
at org.testng.internal.invokers.MethodRunner.runInSequence(MethodRunner.java:50)
at org.testng.internal.invokers.TestInvoker$MethodInvocationAgent.invoke(TestInvoker.java:969)
at org.testng.internal.invokers.TestInvoker.invokeTestMethods(TestInvoker.java:194)
at org.testng.internal.invokers.TestMethodWorker.invokeTestMethods(TestMethodWorker.java:148)
at org.testng.internal.invokers.TestMethodWorker.run(TestMethodWorker.java:128)
at java.base/java.util.ArrayList.forEach(ArrayList.java:1511)
at org.testng.TestRunner.privateRun(TestRunner.java:829)
at org.testng.TestRunner.run(TestRunner.java:602)
at org.testng.SuiteRunner.runTest(SuiteRunner.java:437)
at org.testng.SuiteRunner.runSequentially(SuiteRunner.java:431)
at org.testng.SuiteRunner.privateRun(SuiteRunner.java:391)
at org.testng.SuiteRunner.run(SuiteRunner.java:330)
at org.testng.SuiteRunnerWorker.runSuite(SuiteRunnerWorker.java:52)
at org.testng.SuiteRunnerWorker.run(SuiteRunnerWorker.java:95)
at org.testng.TestNG.runSuitesSequentially(TestNG.java:1256)
at org.testng.TestNG.runSuitesLocally(TestNG.java:1176)
at org.testng.TestNG.runSuites(TestNG.java:1099)
at org.testng.TestNG.run(TestNG.java:1067)
at org.testng.remote.AbstractRemoteTestNG.run(AbstractRemoteTestNG.java:115)
at org.testng.remote.RemoteTestNG.initAndRun(RemoteTestNG.java:251)
at org.testng.remote.RemoteTestNG.main(RemoteTestNG.java:77)
]]>
            </full-stacktrace>
          </exception> <!-- java.lang.AssertionError -->
          <reporter-output>
          </reporter-output>
        </test-method> <!-- shouldBeAbleToCreatePlaylist -->
        <test-method signature="shouldBeAbleToGetPlaylist()[pri:2, instance:com.spotify.oauth2.tests.PlaylistTests@8458f04]" started-at="2023-01-22T00:25:28 IST" name="shouldBeAbleToGetPlaylist" description="Should be able to Get a Playlist" finished-at="2023-01-22T00:25:28 IST" duration-ms="259" status="PASS">
          <reporter-output>
          </reporter-output>
        </test-method> <!-- shouldBeAbleToGetPlaylist -->
        <test-method signature="shouldBeAbleToUpdatePlaylist()[pri:3, instance:com.spotify.oauth2.tests.PlaylistTests@8458f04]" started-at="2023-01-22T00:25:28 IST" name="shouldBeAbleToUpdatePlaylist" description="Should be able to Update a Playlist" finished-at="2023-01-22T00:25:28 IST" duration-ms="223" status="PASS">
          <reporter-output>
          </reporter-output>
        </test-method> <!-- shouldBeAbleToUpdatePlaylist -->
        <test-method signature="shouldNotBeAbleToCreatePlaylistWithoutName()[pri:4, instance:com.spotify.oauth2.tests.PlaylistTests@8458f04]" started-at="2023-01-22T00:25:29 IST" name="shouldNotBeAbleToCreatePlaylistWithoutName" description="Should not be able to create a Playlist without Name" finished-at="2023-01-22T00:25:29 IST" duration-ms="170" status="PASS">
          <reporter-output>
          </reporter-output>
        </test-method> <!-- shouldNotBeAbleToCreatePlaylistWithoutName -->
        <test-method signature="shouldNotBeAbleToCreatePlaylistWithExpiredToken()[pri:5, instance:com.spotify.oauth2.tests.PlaylistTests@8458f04]" started-at="2023-01-22T00:25:29 IST" name="shouldNotBeAbleToCreatePlaylistWithExpiredToken" description="Should not be able to create a Playlist with Expired token" finished-at="2023-01-22T00:25:29 IST" duration-ms="165" status="PASS">
          <reporter-output>
          </reporter-output>
        </test-method> <!-- shouldNotBeAbleToCreatePlaylistWithExpiredToken -->
      </class> <!-- com.spotify.oauth2.tests.PlaylistTests -->
    </test> <!-- Default test -->
  </suite> <!-- Default suite -->
</testng-results>
